<?xml version="1.0" encoding="UTF-8"?>
<!-- Generated by org.testng.reporters.JUnitXMLReporter -->
<testsuite ignored="0" hostname="LAPTOP-5TL5FN9S" failures="0" tests="3" name="Test" time="24.682" errors="0" timestamp="2022-08-04T15:05:39 CEST">
  <testcase classname="TestCases.WikipediaTest" name="WikiTest" time="4.925"/>
  <testcase classname="TestCases.IMDbTest" name="imdbTest" time="7.824"/>
  <testcase classname="TestCases.CompareData" name="getData" time="12.075"/>
</testsuite> <!-- Test -->
