<?xml version="1.0" encoding="UTF-8"?>
<testng-results ignored="0" total="3" passed="3" failed="0" skipped="0">
  <reporter-output>
    <line>
      <![CDATA[Test Failed]]>
    </line>
    <line>
      <![CDATA[Test passed]]>
    </line>
  </reporter-output>
  <suite started-at="2022-08-04T15:05:14 CEST" name="Failed suite [Default suite]" finished-at="2022-08-04T15:05:39 CEST" duration-ms="24682">
    <groups>
    </groups>
    <test started-at="2022-08-04T15:05:14 CEST" name="Test" finished-at="2022-08-04T15:05:39 CEST" duration-ms="24682">
      <class name="TestCases.IMDbTest">
        <test-method is-config="true" signature="openBrowser()[pri:0, instance:TestCases.IMDbTest@44ebcd03]" started-at="2022-08-04T15:05:14 CEST" name="openBrowser" finished-at="2022-08-04T15:05:25 CEST" duration-ms="10796" status="PASS">
          <reporter-output>
          </reporter-output>
        </test-method> <!-- openBrowser -->
        <test-method signature="imdbTest()[pri:0, instance:TestCases.IMDbTest@44ebcd03]" started-at="2022-08-04T15:05:25 CEST" name="imdbTest" finished-at="2022-08-04T15:05:33 CEST" duration-ms="7824" status="PASS">
          <reporter-output>
          </reporter-output>
        </test-method> <!-- imdbTest -->
        <test-method is-config="true" signature="closeBrowser()[pri:0, instance:TestCases.IMDbTest@44ebcd03]" started-at="2022-08-04T15:05:33 CEST" name="closeBrowser" finished-at="2022-08-04T15:05:33 CEST" duration-ms="529" status="PASS">
          <reporter-output>
          </reporter-output>
        </test-method> <!-- closeBrowser -->
      </class> <!-- TestCases.IMDbTest -->
      <class name="TestCases.WikipediaTest">
        <test-method is-config="true" signature="openBrowser()[pri:0, instance:TestCases.WikipediaTest@10e31a9a]" started-at="2022-08-04T15:05:14 CEST" name="openBrowser" finished-at="2022-08-04T15:05:22 CEST" duration-ms="8229" status="PASS">
          <reporter-output>
          </reporter-output>
        </test-method> <!-- openBrowser -->
        <test-method signature="WikiTest()[pri:0, instance:TestCases.WikipediaTest@10e31a9a]" started-at="2022-08-04T15:05:22 CEST" name="WikiTest" finished-at="2022-08-04T15:05:27 CEST" duration-ms="4925" status="PASS">
          <reporter-output>
          </reporter-output>
        </test-method> <!-- WikiTest -->
        <test-method is-config="true" signature="closeBrowser()[pri:0, instance:TestCases.WikipediaTest@10e31a9a]" started-at="2022-08-04T15:05:27 CEST" name="closeBrowser" finished-at="2022-08-04T15:05:28 CEST" duration-ms="709" status="PASS">
          <reporter-output>
          </reporter-output>
        </test-method> <!-- closeBrowser -->
      </class> <!-- TestCases.WikipediaTest -->
      <class name="TestCases.CompareData">
        <test-method is-config="true" signature="openBrowser()[pri:0, instance:TestCases.CompareData@131774fe]" started-at="2022-08-04T15:05:14 CEST" name="openBrowser" finished-at="2022-08-04T15:05:26 CEST" duration-ms="12053" status="PASS">
          <reporter-output>
          </reporter-output>
        </test-method> <!-- openBrowser -->
        <test-method signature="getData()[pri:0, instance:TestCases.CompareData@131774fe]" started-at="2022-08-04T15:05:26 CEST" name="getData" finished-at="2022-08-04T15:05:38 CEST" duration-ms="12075" status="PASS">
          <reporter-output>
            <line>
              <![CDATA[Test Failed]]>
            </line>
            <line>
              <![CDATA[Test passed]]>
            </line>
          </reporter-output>
        </test-method> <!-- getData -->
        <test-method is-config="true" signature="closeBrowser()[pri:0, instance:TestCases.CompareData@131774fe]" started-at="2022-08-04T15:05:38 CEST" name="closeBrowser" finished-at="2022-08-04T15:05:39 CEST" duration-ms="511" status="PASS">
          <reporter-output>
          </reporter-output>
        </test-method> <!-- closeBrowser -->
      </class> <!-- TestCases.CompareData -->
    </test> <!-- Test -->
  </suite> <!-- Failed suite [Default suite] -->
</testng-results>
